2023-06-07 13:44:40,855 [INFO ] | main | io.vertx.up.unity.D10047Tc | [1;30m[ μηδέν ] [m[ Tc ] Test input file reading from: test/io.vertx.up.unity/d10047.json 
2023-06-07 13:44:40,890 [INFO ] | main | io.vertx.up.unity.D10047Tc | [1;30m[ μηδέν ] [m[ Tc ] Test input file reading from: test/io.vertx.up.unity/d10047.json 
2023-06-07 13:44:40,893 [INFO ] | main | io.vertx.up.unity.To | [1;30m[ μηδέν ] [mMount pojo configuration file d10047 
2023-06-07 13:44:40,945 [INFO ] | main | io.vertx.up.unity.D10047Tc | [1;30m[ μηδέν ] [m[ Tc ] Test input file reading from: test/io.vertx.up.unity/d10047-mapping.json 
2023-06-07 13:44:40,947 [INFO ] | main | io.vertx.up.unity.D10047Tc | [1;30m[ μηδέν ] [m[ Tc ] Test input file reading from: test/io.vertx.up.unity/d10047.json 
2023-06-07 13:44:41,036 [WARN ] | main | io.netty.resolver.dns.DnsServerAddressStreamProviders | Can not find io.netty.resolver.dns.macos.MacOSDnsServerAddressStreamProvider in the classpath, fallback to system defaults. This may result in incorrect DNS resolutions on MacOS. Check whether you have a dependency on 'io.netty:netty-resolver-dns-native-macos' 
2023-06-07 13:44:41,050 [INFO ] | main | io.vertx.up.unity.UxArrayTc | [1;30m[ μηδέν ] [m[ Tc ] Test input file reading from: test/io.vertx.up.unity/source.json 
2023-06-07 13:44:41,052 [INFO ] | main | io.vertx.up.unity.UxArrayTc | [1;30m[ μηδέν ] [m[ Tc ] Test input file reading from: test/io.vertx.up.unity/target.json 
2023-06-07 13:44:41,078 [INFO ] | main | io.vertx.up.unity.RxJavaTc | [1;30m[ μηδέν ] [mContains 
2023-06-07 13:44:41,078 [INFO ] | main | io.vertx.up.unity.RxJavaTc | [1;30m[ μηδέν ] [mkey1 
2023-06-07 13:44:41,078 [INFO ] | main | io.vertx.up.unity.RxJavaTc | [1;30m[ μηδέν ] [mkey2 
2023-06-07 13:44:41,078 [INFO ] | main | io.vertx.up.unity.RxJavaTc | [1;30m[ μηδέν ] [mfield1 
2023-06-07 13:44:41,079 [INFO ] | main | io.vertx.up.unity.RxJavaTc | [1;30m[ μηδέν ] [mNone 
2023-06-07 13:44:41,079 [INFO ] | main | io.vertx.up.unity.RxJavaTc | [1;30m[ μηδέν ] [mkey3 
2023-06-07 13:44:41,079 [INFO ] | main | io.vertx.up.unity.RxJavaTc | [1;30m[ μηδέν ] [mfield3 
2023-06-07 13:44:41,079 [INFO ] | main | io.vertx.up.unity.RxJavaTc | [1;30m[ μηδέν ] [mfield2 
2023-06-07 13:44:41,083 [INFO ] | main | io.vertx.up.unity.D10046FirstTc | [1;30m[ μηδέν ] [m[ Tc ] Test input file reading from: test/io.vertx.up.unity/d10046.json 
2023-06-07 13:44:41,085 [INFO ] | main | io.vertx.up.unity.D10046FirstTc | [1;30m[ μηδέν ] [m[ Tc ] Test input file reading from: test/io.vertx.up.unity/d10046.json 
2023-06-07 13:44:41,096 [INFO ] | main | io.vertx.up.unity.D10046FirstTc | [1;30m[ μηδέν ] [m[ Tc ] Test input file reading from: test/io.vertx.up.unity/d10046-arr.json 
2023-06-07 13:44:41,100 [INFO ] | main | io.vertx.up.unity.IrAndTc | [1;30m[ μηδέν ] [m[ Tc ] Test input file reading from: test/io.vertx.up.unity/qr-left.json 
2023-06-07 13:44:41,101 [INFO ] | main | io.vertx.up.unity.IrAndTc | [1;30m[ μηδέν ] [m[ Tc ] Test input file reading from: test/io.vertx.up.unity/qr-right.json 
2023-06-07 13:44:41,109 [INFO ] | main | io.vertx.up.unity.D10051Tc | [1;30m[ μηδέν ] [m[ Tc ] Test input file reading from: test/io.vertx.up.unity/d10051.json 
2023-06-07 13:44:41,111 [INFO ] | main | io.vertx.up.unity.To | [1;30m[ μηδέν ] [mMount pojo configuration file d10051 
2023-06-07 13:44:41,116 [INFO ] | main | io.vertx.up.unity.UxToTc | [1;30m[ μηδέν ] [m[ ZERO TEST ] Data: {"name":"Lang","email":"lang.yu@hpe.com","age":12} 
2023-06-07 13:44:41,120 [INFO ] | main | io.vertx.up.unity.To | [1;30m[ μηδέν ] [mMount pojo configuration file user 
2023-06-07 13:44:41,121 [INFO ] | main | io.vertx.up.unity.UxToTc | [1;30m[ μηδέν ] [m[ ZERO TEST ] Pojo Data: {"zName":"Lang","zEmail":"lang.yu@hpe.com","age":12} 
2023-06-07 13:44:41,133 [INFO ] | main | io.vertx.up.util.Jackson1Tc | [1;30m[ μηδέν ] [m[ Tc ] Test input file reading from: test/io.vertx.up.util/pojo.json 
2023-06-07 13:44:41,147 [INFO ] | main | io.vertx.up.commune.ActInTc | [1;30m[ μηδέν ] [m[ Tc ] Test input file reading from: test/io.vertx.up.commune/request.json 
2023-06-07 13:44:41,152 [INFO ] | main | io.vertx.up.uca.jooq.util.JqCondTc | [1;30m[ μηδέν ] [m[ Tc ] Test input file reading from: test/io.vertx.up.uca.jooq.util/input.json 
2023-06-07 13:44:41,159 [INFO ] | main | io.vertx.up.uca.web.ZeroSerializationTc | [1;30m[ μηδέν ] [m[TEST] Data = Test StringBuilder, Type = java.lang.StringBuilder. 
2023-06-07 13:44:41,164 [WARN ] | main | io.vertx.up.uca.serialization.BooleanSaber | [1;30m[ μηδέν ] [m[ ERR-60004 ] ( BooleanSaber ) Web Error: (400) - Zero system detect conversation from "TEST" to type "boolean", but its conflict 
2023-06-07 13:44:41,164 [WARN ] | main | io.vertx.up.uca.serialization.BooleanSaber | [ ERR-60004 ] ( BooleanSaber ) Web Error: (400) - Zero system detect conversation from "TEST" to type "boolean", but its conflict 
2023-06-07 13:44:41,169 [INFO ] | main | io.vertx.up.uca.web.ZeroSerializationTc | [1;30m[ μηδέν ] [m[TEST] Data = true, Type = java.lang.Boolean. 
2023-06-07 13:44:41,172 [INFO ] | main | io.vertx.up.uca.web.ZeroSerializationTc | [1;30m[ μηδέν ] [m[TEST] Data = false, Type = java.lang.Boolean. 
2023-06-07 13:44:41,177 [INFO ] | main | io.vertx.up.uca.web.ZeroSerializationTc | [1;30m[ μηδέν ] [m[TEST] Data = [{name=Lang}], Type = java.util.Set. 
2023-06-07 13:44:41,180 [INFO ] | main | io.vertx.up.uca.web.ZeroSerializationTc | [1;30m[ μηδέν ] [m[TEST] Data = [{name=Lang}], Type = java.util.List. 
2023-06-07 13:44:41,184 [INFO ] | main | io.vertx.up.uca.web.ZeroSerializationTc | [1;30m[ μηδέν ] [m[TEST] Data = 12/9/18, 12:00 AM, Type = java.util.Date. 
2023-06-07 13:44:41,188 [INFO ] | main | io.vertx.up.uca.web.ZeroSerializationTc | [1;30m[ μηδέν ] [m[TEST] Data = java.util.GregorianCalendar[time=1544284800000,areFieldsSet=true,areAllFieldsSet=true,lenient=true,zone=sun.util.calendar.ZoneInfo[id="Asia/Shanghai",offset=28800000,dstSavings=0,useDaylight=false,transitions=31,lastRule=null],firstDayOfWeek=1,minimalDaysInFirstWeek=1,ERA=1,YEAR=2018,MONTH=11,WEEK_OF_YEAR=50,WEEK_OF_MONTH=3,DAY_OF_MONTH=9,DAY_OF_YEAR=343,DAY_OF_WEEK=1,DAY_OF_WEEK_IN_MONTH=2,AM_PM=0,HOUR=0,HOUR_OF_DAY=0,MINUTE=0,SECOND=0,MILLISECOND=0,ZONE_OFFSET=28800000,DST_OFFSET=0], Type = java.util.Calendar. 
2023-06-07 13:44:41,193 [INFO ] | main | io.vertx.up.uca.web.ZeroSerializationTc | [1;30m[ μηδέν ] [m[TEST] Data = STRING, Type = io.vertx.up.uca.web.TestEnum. 
2023-06-07 13:44:41,196 [INFO ] | main | io.vertx.up.uca.web.ZeroSerializationTc | [1;30m[ μηδέν ] [m[TEST] Data = OBJECT, Type = io.vertx.up.uca.web.TestEnum. 
2023-06-07 13:44:41,201 [INFO ] | main | io.vertx.up.uca.web.ZeroSerializationTc | [1;30m[ μηδέν ] [m[TEST] Data = 12,345,123,123, Type = java.lang.Long. 
2023-06-07 13:44:41,204 [INFO ] | main | io.vertx.up.uca.web.ZeroSerializationTc | [1;30m[ μηδέν ] [m[TEST] Data = 1,234,512,312,312, Type = long. 
2023-06-07 13:44:41,207 [INFO ] | main | io.vertx.up.uca.web.ZeroSerializationTc | [1;30m[ μηδέν ] [m[TEST] Data = 1,234, Type = java.lang.Integer. 
2023-06-07 13:44:41,210 [INFO ] | main | io.vertx.up.uca.web.ZeroSerializationTc | [1;30m[ μηδέν ] [m[TEST] Data = 123,456, Type = int. 
2023-06-07 13:44:41,219 [INFO ] | main | io.vertx.up.uca.web.ZeroSerializationTc | [1;30m[ μηδέν ] [m[TEST] Data = [{name=Lang}], Type = java.util.ArrayList. 
2023-06-07 13:44:41,225 [INFO ] | main | io.vertx.up.uca.web.ZeroSerializationTc | [1;30m[ μηδέν ] [m[TEST] Data = null, Type = java.util.TreeSet. 
2023-06-07 13:44:41,228 [INFO ] | main | io.vertx.up.uca.web.ZeroSerializationTc | [1;30m[ μηδέν ] [m[TEST] Data = [{username=Xi, email=lang.xi@hpe.com}, {username=Lang, age=33}], Type = java.util.Set. 
2023-06-07 13:44:41,231 [INFO ] | main | io.vertx.up.uca.web.ZeroSerializationTc | [1;30m[ μηδέν ] [m[TEST] Data = Test StringBuffer, Type = java.lang.StringBuffer. 
2023-06-07 13:44:41,235 [INFO ] | main | io.vertx.up.uca.web.ZeroSerializationTc | [1;30m[ μηδέν ] [m[TEST] Data = 12,345.33, Type = java.math.BigDecimal. 
2023-06-07 13:44:41,239 [INFO ] | main | io.vertx.up.uca.web.ZeroSerializationTc | [1;30m[ μηδέν ] [m[TEST] Data = [B@6794ac0b, Type = [Ljava.lang.Byte;. 
2023-06-07 13:44:41,242 [INFO ] | main | io.vertx.up.uca.web.ZeroSerializationTc | [1;30m[ μηδέν ] [m[TEST] Data = [B@4554de02, Type = [B. 
2023-06-07 13:44:41,245 [INFO ] | main | io.vertx.up.uca.web.ZeroSerializationTc | [1;30m[ μηδέν ] [m[TEST] Data = 12,345.33, Type = float. 
2023-06-07 13:44:41,248 [INFO ] | main | io.vertx.up.uca.web.ZeroSerializationTc | [1;30m[ μηδέν ] [m[TEST] Data = 12,345.33, Type = java.lang.Float. 
2023-06-07 13:44:41,252 [INFO ] | main | io.vertx.up.uca.web.ZeroSerializationTc | [1;30m[ μηδέν ] [m[TEST] Data = [{"name":"Lang"}], Type = io.vertx.core.json.JsonArray. 
2023-06-07 13:44:41,255 [INFO ] | main | io.vertx.up.uca.web.ZeroSerializationTc | [1;30m[ μηδέν ] [m[TEST] Data = 12,345.33, Type = double. 
2023-06-07 13:44:41,258 [INFO ] | main | io.vertx.up.uca.web.ZeroSerializationTc | [1;30m[ μηδέν ] [m[TEST] Data = 12,345.33, Type = java.lang.Double. 
2023-06-07 13:44:41,262 [INFO ] | main | io.vertx.up.uca.web.ZeroSerializationTc | [1;30m[ μηδέν ] [m[TEST] Data = {"name":"Lang"}, Type = io.vertx.core.json.JsonObject. 
2023-06-07 13:44:41,265 [INFO ] | main | io.vertx.up.uca.web.ZeroSerializationTc | [1;30m[ μηδέν ] [m[TEST] Data = 12,345, Type = short. 
2023-06-07 13:44:41,269 [INFO ] | main | io.vertx.up.uca.web.ZeroSerializationTc | [1;30m[ μηδέν ] [m[TEST] Data = 12,345, Type = java.lang.Short. 
2023-06-07 13:44:41,273 [INFO ] | main | io.vertx.up.uca.web.ZeroSerializationTc | [1;30m[ μηδέν ] [m[TEST] Data = 1234, Type = java.lang.String. 
2023-06-07 13:44:41,278 [INFO ] | main | io.vertx.up.uca.web.ZeroSerializerTc | [1;30m[ μηδέν ] [m[TEST] Data = {"request":2}, Type = java.lang.Integer. 
2023-06-07 13:44:41,282 [INFO ] | main | io.vertx.up.uca.web.ZeroSerializerTc | [1;30m[ μηδέν ] [m[TEST] Data = {"request":["Hello"]}, Type = java.util.HashSet. 
2023-06-07 13:44:41,285 [INFO ] | main | io.vertx.up.uca.web.ZeroSerializerTc | [1;30m[ μηδέν ] [m[TEST] Data = {"request":"AAAAAAAAAAAAAAAAAAAAAA"}, Type = [B. 
2023-06-07 13:44:41,288 [INFO ] | main | io.vertx.up.uca.web.ZeroSerializerTc | [1;30m[ μηδέν ] [m[TEST] Data = {"request":1686116681287}, Type = java.util.GregorianCalendar. 
2023-06-07 13:44:41,291 [INFO ] | main | io.vertx.up.uca.web.ZeroSerializerTc | [1;30m[ μηδέν ] [m[TEST] Data = {"request":"2023-06-07"}, Type = java.time.LocalDate. 
2023-06-07 13:44:41,291 [INFO ] | main | io.vertx.up.uca.web.ZeroSerializerTc | [1;30m[ μηδέν ] [m[TEST] Data = {"request":"13:44:41.291464"}, Type = java.time.LocalTime. 
2023-06-07 13:44:41,292 [INFO ] | main | io.vertx.up.uca.web.ZeroSerializerTc | [1;30m[ μηδέν ] [m[TEST] Data = {"request":"2023-06-07T13:44:41.291845"}, Type = java.time.LocalDateTime. 
2023-06-07 13:44:41,294 [INFO ] | main | io.vertx.up.uca.web.ZeroSerializerTc | [1;30m[ μηδέν ] [m[TEST] Data = {"request":22}, Type = java.lang.Long. 
2023-06-07 13:44:41,300 [INFO ] | main | io.vertx.up.uca.web.ZeroSerializerTc | [1;30m[ μηδέν ] [m[TEST] Data = {"request":[{"name":"Lang","email":"silentbalanceyh@126.com"},null]}, Type = [Lio.vertx.up.uca.web.User;. 
2023-06-07 13:44:41,303 [INFO ] | main | io.vertx.up.uca.web.ZeroSerializerTc | [1;30m[ μηδέν ] [m[TEST] Data = {"request":1686116681303}, Type = java.util.Date. 
2023-06-07 13:44:41,306 [INFO ] | main | io.vertx.up.uca.web.ZeroSerializerTc | [1;30m[ μηδέν ] [m[TEST] Data = {"request":"STRING"}, Type = io.vertx.up.uca.web.KTest. 
2023-06-07 13:44:41,310 [INFO ] | main | io.vertx.up.uca.web.ZeroSerializerTc | [1;30m[ μηδέν ] [m[TEST] Data = {"request":3}, Type = java.lang.Integer. 
2023-06-07 13:44:41,312 [INFO ] | main | io.vertx.up.uca.web.ZeroSerializerTc | [1;30m[ μηδέν ] [m[TEST] Data = {"request":3}, Type = java.lang.Long. 
2023-06-07 13:44:41,314 [INFO ] | main | io.vertx.up.uca.web.ZeroSerializerTc | [1;30m[ μηδέν ] [m[TEST] Data = {"request":null}, Type = null. 
2023-06-07 13:44:41,317 [INFO ] | main | io.vertx.up.uca.web.ZeroSerializerTc | [1;30m[ μηδέν ] [m[TEST] Data = {"request":null}, Type = io.vertx.up.uca.web.User. 
2023-06-07 13:44:41,320 [INFO ] | main | io.vertx.up.uca.web.ZeroSerializerTc | [1;30m[ μηδέν ] [m[TEST] Data = {"request":[{"name":"Lang","email":"silentbalanceyh@126.com"}]}, Type = java.util.ArrayList. 
2023-06-07 13:44:41,324 [INFO ] | main | io.vertx.up.uca.web.ZeroSerializerTc | [1;30m[ μηδέν ] [m[TEST] Data = {"request":3.33}, Type = java.lang.Float. 
2023-06-07 13:44:41,325 [INFO ] | main | io.vertx.up.uca.web.ZeroSerializerTc | [1;30m[ μηδέν ] [m[TEST] Data = {"request":2.44}, Type = java.math.BigDecimal. 
2023-06-07 13:44:41,328 [INFO ] | main | io.vertx.up.uca.web.ZeroSerializerTc | [1;30m[ μηδέν ] [m[TEST] Data = {"request":"Buffer"}, Type = java.lang.StringBuffer. 
2023-06-07 13:44:41,330 [INFO ] | main | io.vertx.up.uca.web.ZeroSerializerTc | [1;30m[ μηδέν ] [m[TEST] Data = {"request":2.33}, Type = java.lang.Double. 
2023-06-07 13:44:41,333 [INFO ] | main | io.vertx.up.uca.web.ZeroSerializerTc | [1;30m[ μηδέν ] [m[TEST] Data = {"request":3.33}, Type = java.lang.Float. 
2023-06-07 13:44:41,336 [INFO ] | main | io.vertx.up.uca.web.ZeroSerializerTc | [1;30m[ μηδέν ] [m[TEST] Data = {"request":["Hello","Lang"]}, Type = [Ljava.lang.String;. 
2023-06-07 13:44:41,342 [INFO ] | main | io.vertx.up.uca.serialization.BufferSaberTc | [1;30m[ μηδέν ] [m[ Tc ] Test input file reading from: test/io.vertx.up.uca.serialization/data 
2023-06-07 13:44:41,404 [INFO ] | main | io.vertx.up.runtime.ZeroPack | [1;30m[ μηδέν ] [mIgnored packages: [ "android.annotation", "aj.org.objectweb", "camundajar", "camundafeel", "cglib", "ch.qos.logback", "co.paralleluniverse", "connectjar", "com.aliyun", "com.carrotsearch", "com.eclipsesource", "com.esotericsoftware", "com.fasterxml", "com.github", "com.google", "com.graphbuilder", "com.hazelcast", "com.hp", "com.intellij", "com.jcraft.jzlib", "com.microfocus", "com.microsoft", "com.mysql", "com.netflix", "com.oracle", "com.sun", "com.tdunning", "com.zaxxer", "com.codahale", "de.javakaffee", "de.odysseus", "examples", "fastparse", "geny", "io.github", "io.github.jklingsporn", "io.grpc", "io.micrometer", "io.netty", "io.opentracing", "io.prometheus", "io.perfmark", "io.reactivex", "io.r2dbc", "io.termd", "io.vertx.codegen", "io.vertx.config", "io.vertx.core", "io.vertx.ext", "io.vertx.lang", "io.vertx.spi", "io.vertx.zero", "io.zero", "jakarta", "joptsimple", "java", "java.util.concurrent", "javassist", "javax", "jdk", "junit", "kotlin", "me.escofflier", "mousio", "net", "oracle", "org.HdrHistogram", "org.aopalliance", "org.aspectj", "org.apache", "org.camunda", "org.checkerframework", "org.cliffc", "org.conscrypt", "org.codehaus", "org.eclipse", "org.elasticsearch", "org.etsi", "org.glassfish", "org.hamcrest", "org.hibernate", "org.intellij", "org.infinispan", "org.jboss", "org.jetbrains", "org.jgroups", "org.joda", "org.jooq", "org.json", "org.junit", "org.jvnet", "org.mvel2", "org.neo4j", "org.objenesis", "org.objectweb", "org.openxmlformats", "org.osgi", "org.reactivestreams", "org.reflections", "org.slf4j", "org.tartarus", "org.w3c", "org.w3", "org.wildfly", "org.xml", "org.yaml", "protostream", "picocli", "redis", "scala", "sourcecode", "schemaorg_apache_xmlbeans", "sun", "META-INF" ], please check whether contains yours 
2023-06-07 13:44:41,638 [INFO ] | main | io.vertx.up.runtime.ZeroPack | [1;30m[ μηδέν ] [mZero system scanned `750` classes in total. 
2023-06-07 13:44:41,638 [INFO ] | main | io.vertx.up.boot.origin.GuiceInquirer | [1;30m[ μηδέν ] [m[ DI ] The DI environment will be initialized! Total = `750` 
2023-06-07 13:44:41,647 [INFO ] | main | io.vertx.up.boot.origin.GuiceInquirer | [1;30m[ μηδέν ] [m[ DI ] 1st scanned, field = 0, method = 0, constructor = 0 
2023-06-07 13:44:41,690 [INFO ] | main | io.vertx.up.runtime.ZeroAnno | [1;30m[ μηδέν ] [mZero Zone DI Environment.... Size= 750 
2023-06-07 13:44:41,693 [WARN ] | main | io.vertx.up.boot.origin.WallInquirer | [ ERR-40038 ] ( WallInquirer ) Booting Error: (Security) Zero system detected duplicated "Wall" classes [io.vertx.quiz.example.WallKeeper2,io.vertx.quiz.example.WallKeeper3,io.vertx.quiz.example.WallKeeper1] (Path & Order) should not be the same, it's invalid 
2023-06-07 13:57:37,373 [INFO ] | main | io.vertx.up.unity.D10047Tc | [1;30m[ μηδέν ] [m[ Tc ] Test input file reading from: test/io.vertx.up.unity/d10047.json 
2023-06-07 13:57:37,408 [INFO ] | main | io.vertx.up.unity.D10047Tc | [1;30m[ μηδέν ] [m[ Tc ] Test input file reading from: test/io.vertx.up.unity/d10047.json 
2023-06-07 13:57:37,410 [INFO ] | main | io.vertx.up.unity.To | [1;30m[ μηδέν ] [mMount pojo configuration file d10047 
2023-06-07 13:57:37,463 [INFO ] | main | io.vertx.up.unity.D10047Tc | [1;30m[ μηδέν ] [m[ Tc ] Test input file reading from: test/io.vertx.up.unity/d10047-mapping.json 
2023-06-07 13:57:37,465 [INFO ] | main | io.vertx.up.unity.D10047Tc | [1;30m[ μηδέν ] [m[ Tc ] Test input file reading from: test/io.vertx.up.unity/d10047.json 
2023-06-07 13:57:37,555 [WARN ] | main | io.netty.resolver.dns.DnsServerAddressStreamProviders | Can not find io.netty.resolver.dns.macos.MacOSDnsServerAddressStreamProvider in the classpath, fallback to system defaults. This may result in incorrect DNS resolutions on MacOS. Check whether you have a dependency on 'io.netty:netty-resolver-dns-native-macos' 
2023-06-07 13:57:37,570 [INFO ] | main | io.vertx.up.unity.UxArrayTc | [1;30m[ μηδέν ] [m[ Tc ] Test input file reading from: test/io.vertx.up.unity/source.json 
2023-06-07 13:57:37,572 [INFO ] | main | io.vertx.up.unity.UxArrayTc | [1;30m[ μηδέν ] [m[ Tc ] Test input file reading from: test/io.vertx.up.unity/target.json 
2023-06-07 13:57:37,598 [INFO ] | main | io.vertx.up.unity.RxJavaTc | [1;30m[ μηδέν ] [mContains 
2023-06-07 13:57:37,599 [INFO ] | main | io.vertx.up.unity.RxJavaTc | [1;30m[ μηδέν ] [mkey1 
2023-06-07 13:57:37,599 [INFO ] | main | io.vertx.up.unity.RxJavaTc | [1;30m[ μηδέν ] [mkey2 
2023-06-07 13:57:37,599 [INFO ] | main | io.vertx.up.unity.RxJavaTc | [1;30m[ μηδέν ] [mfield1 
2023-06-07 13:57:37,599 [INFO ] | main | io.vertx.up.unity.RxJavaTc | [1;30m[ μηδέν ] [mNone 
2023-06-07 13:57:37,600 [INFO ] | main | io.vertx.up.unity.RxJavaTc | [1;30m[ μηδέν ] [mkey3 
2023-06-07 13:57:37,600 [INFO ] | main | io.vertx.up.unity.RxJavaTc | [1;30m[ μηδέν ] [mfield3 
2023-06-07 13:57:37,600 [INFO ] | main | io.vertx.up.unity.RxJavaTc | [1;30m[ μηδέν ] [mfield2 
2023-06-07 13:57:37,604 [INFO ] | main | io.vertx.up.unity.D10046FirstTc | [1;30m[ μηδέν ] [m[ Tc ] Test input file reading from: test/io.vertx.up.unity/d10046.json 
2023-06-07 13:57:37,606 [INFO ] | main | io.vertx.up.unity.D10046FirstTc | [1;30m[ μηδέν ] [m[ Tc ] Test input file reading from: test/io.vertx.up.unity/d10046.json 
2023-06-07 13:57:37,616 [INFO ] | main | io.vertx.up.unity.D10046FirstTc | [1;30m[ μηδέν ] [m[ Tc ] Test input file reading from: test/io.vertx.up.unity/d10046-arr.json 
2023-06-07 13:57:37,621 [INFO ] | main | io.vertx.up.unity.IrAndTc | [1;30m[ μηδέν ] [m[ Tc ] Test input file reading from: test/io.vertx.up.unity/qr-left.json 
2023-06-07 13:57:37,622 [INFO ] | main | io.vertx.up.unity.IrAndTc | [1;30m[ μηδέν ] [m[ Tc ] Test input file reading from: test/io.vertx.up.unity/qr-right.json 
2023-06-07 13:57:37,630 [INFO ] | main | io.vertx.up.unity.D10051Tc | [1;30m[ μηδέν ] [m[ Tc ] Test input file reading from: test/io.vertx.up.unity/d10051.json 
2023-06-07 13:57:37,632 [INFO ] | main | io.vertx.up.unity.To | [1;30m[ μηδέν ] [mMount pojo configuration file d10051 
2023-06-07 13:57:37,637 [INFO ] | main | io.vertx.up.unity.UxToTc | [1;30m[ μηδέν ] [m[ ZERO TEST ] Data: {"name":"Lang","email":"lang.yu@hpe.com","age":12} 
2023-06-07 13:57:37,641 [INFO ] | main | io.vertx.up.unity.To | [1;30m[ μηδέν ] [mMount pojo configuration file user 
2023-06-07 13:57:37,642 [INFO ] | main | io.vertx.up.unity.UxToTc | [1;30m[ μηδέν ] [m[ ZERO TEST ] Pojo Data: {"zName":"Lang","zEmail":"lang.yu@hpe.com","age":12} 
2023-06-07 13:57:37,654 [INFO ] | main | io.vertx.up.util.Jackson1Tc | [1;30m[ μηδέν ] [m[ Tc ] Test input file reading from: test/io.vertx.up.util/pojo.json 
2023-06-07 13:57:37,667 [INFO ] | main | io.vertx.up.commune.ActInTc | [1;30m[ μηδέν ] [m[ Tc ] Test input file reading from: test/io.vertx.up.commune/request.json 
2023-06-07 13:57:37,672 [INFO ] | main | io.vertx.up.uca.jooq.util.JqCondTc | [1;30m[ μηδέν ] [m[ Tc ] Test input file reading from: test/io.vertx.up.uca.jooq.util/input.json 
2023-06-07 13:57:37,679 [INFO ] | main | io.vertx.up.uca.web.ZeroSerializationTc | [1;30m[ μηδέν ] [m[TEST] Data = Test StringBuilder, Type = java.lang.StringBuilder. 
2023-06-07 13:57:37,684 [WARN ] | main | io.vertx.up.uca.serialization.BooleanSaber | [1;30m[ μηδέν ] [m[ ERR-60004 ] ( BooleanSaber ) Web Error: (400) - Zero system detect conversation from "TEST" to type "boolean", but its conflict 
2023-06-07 13:57:37,684 [WARN ] | main | io.vertx.up.uca.serialization.BooleanSaber | [ ERR-60004 ] ( BooleanSaber ) Web Error: (400) - Zero system detect conversation from "TEST" to type "boolean", but its conflict 
2023-06-07 13:57:37,689 [INFO ] | main | io.vertx.up.uca.web.ZeroSerializationTc | [1;30m[ μηδέν ] [m[TEST] Data = true, Type = java.lang.Boolean. 
2023-06-07 13:57:37,692 [INFO ] | main | io.vertx.up.uca.web.ZeroSerializationTc | [1;30m[ μηδέν ] [m[TEST] Data = false, Type = java.lang.Boolean. 
2023-06-07 13:57:37,696 [INFO ] | main | io.vertx.up.uca.web.ZeroSerializationTc | [1;30m[ μηδέν ] [m[TEST] Data = [{name=Lang}], Type = java.util.Set. 
2023-06-07 13:57:37,701 [INFO ] | main | io.vertx.up.uca.web.ZeroSerializationTc | [1;30m[ μηδέν ] [m[TEST] Data = [{name=Lang}], Type = java.util.List. 
2023-06-07 13:57:37,705 [INFO ] | main | io.vertx.up.uca.web.ZeroSerializationTc | [1;30m[ μηδέν ] [m[TEST] Data = 12/9/18, 12:00 AM, Type = java.util.Date. 
2023-06-07 13:57:37,708 [INFO ] | main | io.vertx.up.uca.web.ZeroSerializationTc | [1;30m[ μηδέν ] [m[TEST] Data = java.util.GregorianCalendar[time=1544284800000,areFieldsSet=true,areAllFieldsSet=true,lenient=true,zone=sun.util.calendar.ZoneInfo[id="Asia/Shanghai",offset=28800000,dstSavings=0,useDaylight=false,transitions=31,lastRule=null],firstDayOfWeek=1,minimalDaysInFirstWeek=1,ERA=1,YEAR=2018,MONTH=11,WEEK_OF_YEAR=50,WEEK_OF_MONTH=3,DAY_OF_MONTH=9,DAY_OF_YEAR=343,DAY_OF_WEEK=1,DAY_OF_WEEK_IN_MONTH=2,AM_PM=0,HOUR=0,HOUR_OF_DAY=0,MINUTE=0,SECOND=0,MILLISECOND=0,ZONE_OFFSET=28800000,DST_OFFSET=0], Type = java.util.Calendar. 
2023-06-07 13:57:37,712 [INFO ] | main | io.vertx.up.uca.web.ZeroSerializationTc | [1;30m[ μηδέν ] [m[TEST] Data = STRING, Type = io.vertx.up.uca.web.TestEnum. 
2023-06-07 13:57:37,715 [INFO ] | main | io.vertx.up.uca.web.ZeroSerializationTc | [1;30m[ μηδέν ] [m[TEST] Data = OBJECT, Type = io.vertx.up.uca.web.TestEnum. 
2023-06-07 13:57:37,719 [INFO ] | main | io.vertx.up.uca.web.ZeroSerializationTc | [1;30m[ μηδέν ] [m[TEST] Data = 12,345,123,123, Type = java.lang.Long. 
2023-06-07 13:57:37,722 [INFO ] | main | io.vertx.up.uca.web.ZeroSerializationTc | [1;30m[ μηδέν ] [m[TEST] Data = 1,234,512,312,312, Type = long. 
2023-06-07 13:57:37,726 [INFO ] | main | io.vertx.up.uca.web.ZeroSerializationTc | [1;30m[ μηδέν ] [m[TEST] Data = 1,234, Type = java.lang.Integer. 
2023-06-07 13:57:37,728 [INFO ] | main | io.vertx.up.uca.web.ZeroSerializationTc | [1;30m[ μηδέν ] [m[TEST] Data = 123,456, Type = int. 
2023-06-07 13:57:37,731 [INFO ] | main | io.vertx.up.uca.web.ZeroSerializationTc | [1;30m[ μηδέν ] [m[TEST] Data = [{name=Lang}], Type = java.util.ArrayList. 
2023-06-07 13:57:37,743 [INFO ] | main | io.vertx.up.uca.web.ZeroSerializationTc | [1;30m[ μηδέν ] [m[TEST] Data = null, Type = java.util.TreeSet. 
2023-06-07 13:57:37,746 [INFO ] | main | io.vertx.up.uca.web.ZeroSerializationTc | [1;30m[ μηδέν ] [m[TEST] Data = [{username=Xi, email=lang.xi@hpe.com}, {username=Lang, age=33}], Type = java.util.Set. 
2023-06-07 13:57:37,749 [INFO ] | main | io.vertx.up.uca.web.ZeroSerializationTc | [1;30m[ μηδέν ] [m[TEST] Data = Test StringBuffer, Type = java.lang.StringBuffer. 
2023-06-07 13:57:37,753 [INFO ] | main | io.vertx.up.uca.web.ZeroSerializationTc | [1;30m[ μηδέν ] [m[TEST] Data = 12,345.33, Type = java.math.BigDecimal. 
2023-06-07 13:57:37,756 [INFO ] | main | io.vertx.up.uca.web.ZeroSerializationTc | [1;30m[ μηδέν ] [m[TEST] Data = [B@6794ac0b, Type = [Ljava.lang.Byte;. 
2023-06-07 13:57:37,759 [INFO ] | main | io.vertx.up.uca.web.ZeroSerializationTc | [1;30m[ μηδέν ] [m[TEST] Data = [B@4554de02, Type = [B. 
2023-06-07 13:57:37,763 [INFO ] | main | io.vertx.up.uca.web.ZeroSerializationTc | [1;30m[ μηδέν ] [m[TEST] Data = 12,345.33, Type = float. 
2023-06-07 13:57:37,766 [INFO ] | main | io.vertx.up.uca.web.ZeroSerializationTc | [1;30m[ μηδέν ] [m[TEST] Data = 12,345.33, Type = java.lang.Float. 
2023-06-07 13:57:37,769 [INFO ] | main | io.vertx.up.uca.web.ZeroSerializationTc | [1;30m[ μηδέν ] [m[TEST] Data = [{"name":"Lang"}], Type = io.vertx.core.json.JsonArray. 
2023-06-07 13:57:37,772 [INFO ] | main | io.vertx.up.uca.web.ZeroSerializationTc | [1;30m[ μηδέν ] [m[TEST] Data = 12,345.33, Type = double. 
2023-06-07 13:57:37,774 [INFO ] | main | io.vertx.up.uca.web.ZeroSerializationTc | [1;30m[ μηδέν ] [m[TEST] Data = 12,345.33, Type = java.lang.Double. 
2023-06-07 13:57:37,778 [INFO ] | main | io.vertx.up.uca.web.ZeroSerializationTc | [1;30m[ μηδέν ] [m[TEST] Data = {"name":"Lang"}, Type = io.vertx.core.json.JsonObject. 
2023-06-07 13:57:37,781 [INFO ] | main | io.vertx.up.uca.web.ZeroSerializationTc | [1;30m[ μηδέν ] [m[TEST] Data = 12,345, Type = short. 
2023-06-07 13:57:37,785 [INFO ] | main | io.vertx.up.uca.web.ZeroSerializationTc | [1;30m[ μηδέν ] [m[TEST] Data = 12,345, Type = java.lang.Short. 
2023-06-07 13:57:37,788 [INFO ] | main | io.vertx.up.uca.web.ZeroSerializationTc | [1;30m[ μηδέν ] [m[TEST] Data = 1234, Type = java.lang.String. 
2023-06-07 13:57:37,791 [INFO ] | main | io.vertx.up.uca.web.ZeroSerializerTc | [1;30m[ μηδέν ] [m[TEST] Data = {"request":2}, Type = java.lang.Integer. 
2023-06-07 13:57:37,795 [INFO ] | main | io.vertx.up.uca.web.ZeroSerializerTc | [1;30m[ μηδέν ] [m[TEST] Data = {"request":["Hello"]}, Type = java.util.HashSet. 
2023-06-07 13:57:37,798 [INFO ] | main | io.vertx.up.uca.web.ZeroSerializerTc | [1;30m[ μηδέν ] [m[TEST] Data = {"request":"AAAAAAAAAAAAAAAAAAAAAA"}, Type = [B. 
2023-06-07 13:57:37,801 [INFO ] | main | io.vertx.up.uca.web.ZeroSerializerTc | [1;30m[ μηδέν ] [m[TEST] Data = {"request":1686117457800}, Type = java.util.GregorianCalendar. 
2023-06-07 13:57:37,803 [INFO ] | main | io.vertx.up.uca.web.ZeroSerializerTc | [1;30m[ μηδέν ] [m[TEST] Data = {"request":"2023-06-07"}, Type = java.time.LocalDate. 
2023-06-07 13:57:37,804 [INFO ] | main | io.vertx.up.uca.web.ZeroSerializerTc | [1;30m[ μηδέν ] [m[TEST] Data = {"request":"13:57:37.803955"}, Type = java.time.LocalTime. 
2023-06-07 13:57:37,804 [INFO ] | main | io.vertx.up.uca.web.ZeroSerializerTc | [1;30m[ μηδέν ] [m[TEST] Data = {"request":"2023-06-07T13:57:37.804118"}, Type = java.time.LocalDateTime. 
2023-06-07 13:57:37,806 [INFO ] | main | io.vertx.up.uca.web.ZeroSerializerTc | [1;30m[ μηδέν ] [m[TEST] Data = {"request":22}, Type = java.lang.Long. 
2023-06-07 13:57:37,811 [INFO ] | main | io.vertx.up.uca.web.ZeroSerializerTc | [1;30m[ μηδέν ] [m[TEST] Data = {"request":[{"name":"Lang","email":"silentbalanceyh@126.com"},null]}, Type = [Lio.vertx.up.uca.web.User;. 
2023-06-07 13:57:37,814 [INFO ] | main | io.vertx.up.uca.web.ZeroSerializerTc | [1;30m[ μηδέν ] [m[TEST] Data = {"request":1686117457814}, Type = java.util.Date. 
2023-06-07 13:57:37,817 [INFO ] | main | io.vertx.up.uca.web.ZeroSerializerTc | [1;30m[ μηδέν ] [m[TEST] Data = {"request":"STRING"}, Type = io.vertx.up.uca.web.KTest. 
2023-06-07 13:57:37,821 [INFO ] | main | io.vertx.up.uca.web.ZeroSerializerTc | [1;30m[ μηδέν ] [m[TEST] Data = {"request":3}, Type = java.lang.Integer. 
2023-06-07 13:57:37,823 [INFO ] | main | io.vertx.up.uca.web.ZeroSerializerTc | [1;30m[ μηδέν ] [m[TEST] Data = {"request":3}, Type = java.lang.Long. 
2023-06-07 13:57:37,826 [INFO ] | main | io.vertx.up.uca.web.ZeroSerializerTc | [1;30m[ μηδέν ] [m[TEST] Data = {"request":null}, Type = null. 
2023-06-07 13:57:37,828 [INFO ] | main | io.vertx.up.uca.web.ZeroSerializerTc | [1;30m[ μηδέν ] [m[TEST] Data = {"request":null}, Type = io.vertx.up.uca.web.User. 
2023-06-07 13:57:37,831 [INFO ] | main | io.vertx.up.uca.web.ZeroSerializerTc | [1;30m[ μηδέν ] [m[TEST] Data = {"request":[{"name":"Lang","email":"silentbalanceyh@126.com"}]}, Type = java.util.ArrayList. 
2023-06-07 13:57:37,835 [INFO ] | main | io.vertx.up.uca.web.ZeroSerializerTc | [1;30m[ μηδέν ] [m[TEST] Data = {"request":3.33}, Type = java.lang.Float. 
2023-06-07 13:57:37,835 [INFO ] | main | io.vertx.up.uca.web.ZeroSerializerTc | [1;30m[ μηδέν ] [m[TEST] Data = {"request":2.44}, Type = java.math.BigDecimal. 
2023-06-07 13:57:37,839 [INFO ] | main | io.vertx.up.uca.web.ZeroSerializerTc | [1;30m[ μηδέν ] [m[TEST] Data = {"request":"Buffer"}, Type = java.lang.StringBuffer. 
2023-06-07 13:57:37,841 [INFO ] | main | io.vertx.up.uca.web.ZeroSerializerTc | [1;30m[ μηδέν ] [m[TEST] Data = {"request":2.33}, Type = java.lang.Double. 
2023-06-07 13:57:37,844 [INFO ] | main | io.vertx.up.uca.web.ZeroSerializerTc | [1;30m[ μηδέν ] [m[TEST] Data = {"request":3.33}, Type = java.lang.Float. 
2023-06-07 13:57:37,847 [INFO ] | main | io.vertx.up.uca.web.ZeroSerializerTc | [1;30m[ μηδέν ] [m[TEST] Data = {"request":["Hello","Lang"]}, Type = [Ljava.lang.String;. 
2023-06-07 13:57:37,853 [INFO ] | main | io.vertx.up.uca.serialization.BufferSaberTc | [1;30m[ μηδέν ] [m[ Tc ] Test input file reading from: test/io.vertx.up.uca.serialization/data 
2023-06-07 13:57:37,915 [INFO ] | main | io.vertx.up.runtime.ZeroPack | [1;30m[ μηδέν ] [mIgnored packages: [ "android.annotation", "aj.org.objectweb", "camundajar", "camundafeel", "cglib", "ch.qos.logback", "co.paralleluniverse", "connectjar", "com.aliyun", "com.carrotsearch", "com.eclipsesource", "com.esotericsoftware", "com.fasterxml", "com.github", "com.google", "com.graphbuilder", "com.hazelcast", "com.hp", "com.intellij", "com.jcraft.jzlib", "com.microfocus", "com.microsoft", "com.mysql", "com.netflix", "com.oracle", "com.sun", "com.tdunning", "com.zaxxer", "com.codahale", "de.javakaffee", "de.odysseus", "examples", "fastparse", "geny", "io.github", "io.github.jklingsporn", "io.grpc", "io.micrometer", "io.netty", "io.opentracing", "io.prometheus", "io.perfmark", "io.reactivex", "io.r2dbc", "io.termd", "io.vertx.codegen", "io.vertx.config", "io.vertx.core", "io.vertx.ext", "io.vertx.lang", "io.vertx.spi", "io.vertx.zero", "io.zero", "jakarta", "joptsimple", "java", "java.util.concurrent", "javassist", "javax", "jdk", "junit", "kotlin", "me.escofflier", "mousio", "net", "oracle", "org.HdrHistogram", "org.aopalliance", "org.aspectj", "org.apache", "org.camunda", "org.checkerframework", "org.cliffc", "org.conscrypt", "org.codehaus", "org.eclipse", "org.elasticsearch", "org.etsi", "org.glassfish", "org.hamcrest", "org.hibernate", "org.intellij", "org.infinispan", "org.jboss", "org.jetbrains", "org.jgroups", "org.joda", "org.jooq", "org.json", "org.junit", "org.jvnet", "org.mvel2", "org.neo4j", "org.objenesis", "org.objectweb", "org.openxmlformats", "org.osgi", "org.reactivestreams", "org.reflections", "org.slf4j", "org.tartarus", "org.w3c", "org.w3", "org.wildfly", "org.xml", "org.yaml", "protostream", "picocli", "redis", "scala", "sourcecode", "schemaorg_apache_xmlbeans", "sun", "META-INF" ], please check whether contains yours 
2023-06-07 13:57:38,182 [INFO ] | main | io.vertx.up.runtime.ZeroPack | [1;30m[ μηδέν ] [mZero system scanned `750` classes in total. 
2023-06-07 13:57:38,182 [INFO ] | main | io.vertx.up.boot.origin.GuiceInquirer | [1;30m[ μηδέν ] [m[ DI ] The DI environment will be initialized! Total = `750` 
2023-06-07 13:57:38,191 [INFO ] | main | io.vertx.up.boot.origin.GuiceInquirer | [1;30m[ μηδέν ] [m[ DI ] 1st scanned, field = 0, method = 0, constructor = 0 
2023-06-07 13:57:38,239 [INFO ] | main | io.vertx.up.runtime.ZeroAnno | [1;30m[ μηδέν ] [mZero Zone DI Environment.... Size= 750 
2023-06-07 13:57:38,241 [WARN ] | main | io.vertx.up.boot.origin.WallInquirer | [ ERR-40038 ] ( WallInquirer ) Booting Error: (Security) Zero system detected duplicated "Wall" classes [io.vertx.quiz.example.WallKeeper2,io.vertx.quiz.example.WallKeeper3,io.vertx.quiz.example.WallKeeper1] (Path & Order) should not be the same, it's invalid 
2023-06-07 14:23:26,148 [INFO ] | main | io.vertx.up.unity.D10047Tc | [1;30m[ μηδέν ] [m[ Tc ] Test input file reading from: test/io.vertx.up.unity/d10047.json 
2023-06-07 14:23:26,186 [INFO ] | main | io.vertx.up.unity.D10047Tc | [1;30m[ μηδέν ] [m[ Tc ] Test input file reading from: test/io.vertx.up.unity/d10047.json 
2023-06-07 14:23:26,189 [INFO ] | main | io.vertx.up.unity.To | [1;30m[ μηδέν ] [mMount pojo configuration file d10047 
2023-06-07 14:23:26,246 [INFO ] | main | io.vertx.up.unity.D10047Tc | [1;30m[ μηδέν ] [m[ Tc ] Test input file reading from: test/io.vertx.up.unity/d10047-mapping.json 
2023-06-07 14:23:26,248 [INFO ] | main | io.vertx.up.unity.D10047Tc | [1;30m[ μηδέν ] [m[ Tc ] Test input file reading from: test/io.vertx.up.unity/d10047.json 
2023-06-07 14:23:26,338 [WARN ] | main | io.netty.resolver.dns.DnsServerAddressStreamProviders | Can not find io.netty.resolver.dns.macos.MacOSDnsServerAddressStreamProvider in the classpath, fallback to system defaults. This may result in incorrect DNS resolutions on MacOS. Check whether you have a dependency on 'io.netty:netty-resolver-dns-native-macos' 
2023-06-07 14:23:26,352 [INFO ] | main | io.vertx.up.unity.UxArrayTc | [1;30m[ μηδέν ] [m[ Tc ] Test input file reading from: test/io.vertx.up.unity/source.json 
2023-06-07 14:23:26,354 [INFO ] | main | io.vertx.up.unity.UxArrayTc | [1;30m[ μηδέν ] [m[ Tc ] Test input file reading from: test/io.vertx.up.unity/target.json 
2023-06-07 14:23:26,379 [INFO ] | main | io.vertx.up.unity.RxJavaTc | [1;30m[ μηδέν ] [mContains 
2023-06-07 14:23:26,379 [INFO ] | main | io.vertx.up.unity.RxJavaTc | [1;30m[ μηδέν ] [mkey1 
2023-06-07 14:23:26,380 [INFO ] | main | io.vertx.up.unity.RxJavaTc | [1;30m[ μηδέν ] [mkey2 
2023-06-07 14:23:26,380 [INFO ] | main | io.vertx.up.unity.RxJavaTc | [1;30m[ μηδέν ] [mfield1 
2023-06-07 14:23:26,380 [INFO ] | main | io.vertx.up.unity.RxJavaTc | [1;30m[ μηδέν ] [mNone 
2023-06-07 14:23:26,381 [INFO ] | main | io.vertx.up.unity.RxJavaTc | [1;30m[ μηδέν ] [mkey3 
2023-06-07 14:23:26,381 [INFO ] | main | io.vertx.up.unity.RxJavaTc | [1;30m[ μηδέν ] [mfield3 
2023-06-07 14:23:26,381 [INFO ] | main | io.vertx.up.unity.RxJavaTc | [1;30m[ μηδέν ] [mfield2 
2023-06-07 14:23:26,384 [INFO ] | main | io.vertx.up.unity.D10046FirstTc | [1;30m[ μηδέν ] [m[ Tc ] Test input file reading from: test/io.vertx.up.unity/d10046.json 
2023-06-07 14:23:26,386 [INFO ] | main | io.vertx.up.unity.D10046FirstTc | [1;30m[ μηδέν ] [m[ Tc ] Test input file reading from: test/io.vertx.up.unity/d10046.json 
2023-06-07 14:23:26,396 [INFO ] | main | io.vertx.up.unity.D10046FirstTc | [1;30m[ μηδέν ] [m[ Tc ] Test input file reading from: test/io.vertx.up.unity/d10046-arr.json 
2023-06-07 14:23:26,400 [INFO ] | main | io.vertx.up.unity.IrAndTc | [1;30m[ μηδέν ] [m[ Tc ] Test input file reading from: test/io.vertx.up.unity/qr-left.json 
2023-06-07 14:23:26,401 [INFO ] | main | io.vertx.up.unity.IrAndTc | [1;30m[ μηδέν ] [m[ Tc ] Test input file reading from: test/io.vertx.up.unity/qr-right.json 
2023-06-07 14:23:26,409 [INFO ] | main | io.vertx.up.unity.D10051Tc | [1;30m[ μηδέν ] [m[ Tc ] Test input file reading from: test/io.vertx.up.unity/d10051.json 
2023-06-07 14:23:26,411 [INFO ] | main | io.vertx.up.unity.To | [1;30m[ μηδέν ] [mMount pojo configuration file d10051 
2023-06-07 14:23:26,415 [INFO ] | main | io.vertx.up.unity.UxToTc | [1;30m[ μηδέν ] [m[ ZERO TEST ] Data: {"name":"Lang","email":"lang.yu@hpe.com","age":12} 
2023-06-07 14:23:26,419 [INFO ] | main | io.vertx.up.unity.To | [1;30m[ μηδέν ] [mMount pojo configuration file user 
2023-06-07 14:23:26,420 [INFO ] | main | io.vertx.up.unity.UxToTc | [1;30m[ μηδέν ] [m[ ZERO TEST ] Pojo Data: {"zName":"Lang","zEmail":"lang.yu@hpe.com","age":12} 
2023-06-07 14:23:26,432 [INFO ] | main | io.vertx.up.util.Jackson1Tc | [1;30m[ μηδέν ] [m[ Tc ] Test input file reading from: test/io.vertx.up.util/pojo.json 
2023-06-07 14:23:26,446 [INFO ] | main | io.vertx.up.commune.ActInTc | [1;30m[ μηδέν ] [m[ Tc ] Test input file reading from: test/io.vertx.up.commune/request.json 
2023-06-07 14:23:26,451 [INFO ] | main | io.vertx.up.uca.jooq.util.JqCondTc | [1;30m[ μηδέν ] [m[ Tc ] Test input file reading from: test/io.vertx.up.uca.jooq.util/input.json 
2023-06-07 14:23:26,459 [INFO ] | main | io.vertx.up.uca.web.ZeroSerializationTc | [1;30m[ μηδέν ] [m[TEST] Data = Test StringBuilder, Type = java.lang.StringBuilder. 
2023-06-07 14:23:26,463 [WARN ] | main | io.vertx.up.uca.serialization.BooleanSaber | [1;30m[ μηδέν ] [m[ ERR-60004 ] ( BooleanSaber ) Web Error: (400) - Zero system detect conversation from "TEST" to type "boolean", but its conflict 
2023-06-07 14:23:26,464 [WARN ] | main | io.vertx.up.uca.serialization.BooleanSaber | [ ERR-60004 ] ( BooleanSaber ) Web Error: (400) - Zero system detect conversation from "TEST" to type "boolean", but its conflict 
2023-06-07 14:23:26,468 [INFO ] | main | io.vertx.up.uca.web.ZeroSerializationTc | [1;30m[ μηδέν ] [m[TEST] Data = true, Type = java.lang.Boolean. 
2023-06-07 14:23:26,471 [INFO ] | main | io.vertx.up.uca.web.ZeroSerializationTc | [1;30m[ μηδέν ] [m[TEST] Data = false, Type = java.lang.Boolean. 
2023-06-07 14:23:26,475 [INFO ] | main | io.vertx.up.uca.web.ZeroSerializationTc | [1;30m[ μηδέν ] [m[TEST] Data = [{name=Lang}], Type = java.util.Set. 
2023-06-07 14:23:26,479 [INFO ] | main | io.vertx.up.uca.web.ZeroSerializationTc | [1;30m[ μηδέν ] [m[TEST] Data = [{name=Lang}], Type = java.util.List. 
2023-06-07 14:23:26,483 [INFO ] | main | io.vertx.up.uca.web.ZeroSerializationTc | [1;30m[ μηδέν ] [m[TEST] Data = 12/9/18, 12:00 AM, Type = java.util.Date. 
2023-06-07 14:23:26,487 [INFO ] | main | io.vertx.up.uca.web.ZeroSerializationTc | [1;30m[ μηδέν ] [m[TEST] Data = java.util.GregorianCalendar[time=1544284800000,areFieldsSet=true,areAllFieldsSet=true,lenient=true,zone=sun.util.calendar.ZoneInfo[id="Asia/Shanghai",offset=28800000,dstSavings=0,useDaylight=false,transitions=31,lastRule=null],firstDayOfWeek=1,minimalDaysInFirstWeek=1,ERA=1,YEAR=2018,MONTH=11,WEEK_OF_YEAR=50,WEEK_OF_MONTH=3,DAY_OF_MONTH=9,DAY_OF_YEAR=343,DAY_OF_WEEK=1,DAY_OF_WEEK_IN_MONTH=2,AM_PM=0,HOUR=0,HOUR_OF_DAY=0,MINUTE=0,SECOND=0,MILLISECOND=0,ZONE_OFFSET=28800000,DST_OFFSET=0], Type = java.util.Calendar. 
2023-06-07 14:23:26,491 [INFO ] | main | io.vertx.up.uca.web.ZeroSerializationTc | [1;30m[ μηδέν ] [m[TEST] Data = STRING, Type = io.vertx.up.uca.web.TestEnum. 
2023-06-07 14:23:26,494 [INFO ] | main | io.vertx.up.uca.web.ZeroSerializationTc | [1;30m[ μηδέν ] [m[TEST] Data = OBJECT, Type = io.vertx.up.uca.web.TestEnum. 
2023-06-07 14:23:26,499 [INFO ] | main | io.vertx.up.uca.web.ZeroSerializationTc | [1;30m[ μηδέν ] [m[TEST] Data = 12,345,123,123, Type = java.lang.Long. 
2023-06-07 14:23:26,502 [INFO ] | main | io.vertx.up.uca.web.ZeroSerializationTc | [1;30m[ μηδέν ] [m[TEST] Data = 1,234,512,312,312, Type = long. 
2023-06-07 14:23:26,506 [INFO ] | main | io.vertx.up.uca.web.ZeroSerializationTc | [1;30m[ μηδέν ] [m[TEST] Data = 1,234, Type = java.lang.Integer. 
2023-06-07 14:23:26,509 [INFO ] | main | io.vertx.up.uca.web.ZeroSerializationTc | [1;30m[ μηδέν ] [m[TEST] Data = 123,456, Type = int. 
2023-06-07 14:23:26,518 [INFO ] | main | io.vertx.up.uca.web.ZeroSerializationTc | [1;30m[ μηδέν ] [m[TEST] Data = [{name=Lang}], Type = java.util.ArrayList. 
2023-06-07 14:23:26,524 [INFO ] | main | io.vertx.up.uca.web.ZeroSerializationTc | [1;30m[ μηδέν ] [m[TEST] Data = null, Type = java.util.TreeSet. 
2023-06-07 14:23:26,527 [INFO ] | main | io.vertx.up.uca.web.ZeroSerializationTc | [1;30m[ μηδέν ] [m[TEST] Data = [{username=Xi, email=lang.xi@hpe.com}, {username=Lang, age=33}], Type = java.util.Set. 
2023-06-07 14:23:26,530 [INFO ] | main | io.vertx.up.uca.web.ZeroSerializationTc | [1;30m[ μηδέν ] [m[TEST] Data = Test StringBuffer, Type = java.lang.StringBuffer. 
2023-06-07 14:23:26,534 [INFO ] | main | io.vertx.up.uca.web.ZeroSerializationTc | [1;30m[ μηδέν ] [m[TEST] Data = 12,345.33, Type = java.math.BigDecimal. 
2023-06-07 14:23:26,537 [INFO ] | main | io.vertx.up.uca.web.ZeroSerializationTc | [1;30m[ μηδέν ] [m[TEST] Data = [B@6794ac0b, Type = [Ljava.lang.Byte;. 
2023-06-07 14:23:26,540 [INFO ] | main | io.vertx.up.uca.web.ZeroSerializationTc | [1;30m[ μηδέν ] [m[TEST] Data = [B@4554de02, Type = [B. 
2023-06-07 14:23:26,543 [INFO ] | main | io.vertx.up.uca.web.ZeroSerializationTc | [1;30m[ μηδέν ] [m[TEST] Data = 12,345.33, Type = float. 
2023-06-07 14:23:26,546 [INFO ] | main | io.vertx.up.uca.web.ZeroSerializationTc | [1;30m[ μηδέν ] [m[TEST] Data = 12,345.33, Type = java.lang.Float. 
2023-06-07 14:23:26,549 [INFO ] | main | io.vertx.up.uca.web.ZeroSerializationTc | [1;30m[ μηδέν ] [m[TEST] Data = [{"name":"Lang"}], Type = io.vertx.core.json.JsonArray. 
2023-06-07 14:23:26,552 [INFO ] | main | io.vertx.up.uca.web.ZeroSerializationTc | [1;30m[ μηδέν ] [m[TEST] Data = 12,345.33, Type = double. 
2023-06-07 14:23:26,554 [INFO ] | main | io.vertx.up.uca.web.ZeroSerializationTc | [1;30m[ μηδέν ] [m[TEST] Data = 12,345.33, Type = java.lang.Double. 
2023-06-07 14:23:26,559 [INFO ] | main | io.vertx.up.uca.web.ZeroSerializationTc | [1;30m[ μηδέν ] [m[TEST] Data = {"name":"Lang"}, Type = io.vertx.core.json.JsonObject. 
2023-06-07 14:23:26,561 [INFO ] | main | io.vertx.up.uca.web.ZeroSerializationTc | [1;30m[ μηδέν ] [m[TEST] Data = 12,345, Type = short. 
2023-06-07 14:23:26,565 [INFO ] | main | io.vertx.up.uca.web.ZeroSerializationTc | [1;30m[ μηδέν ] [m[TEST] Data = 12,345, Type = java.lang.Short. 
2023-06-07 14:23:26,569 [INFO ] | main | io.vertx.up.uca.web.ZeroSerializationTc | [1;30m[ μηδέν ] [m[TEST] Data = 1234, Type = java.lang.String. 
2023-06-07 14:23:26,573 [INFO ] | main | io.vertx.up.uca.web.ZeroSerializerTc | [1;30m[ μηδέν ] [m[TEST] Data = {"request":2}, Type = java.lang.Integer. 
2023-06-07 14:23:26,577 [INFO ] | main | io.vertx.up.uca.web.ZeroSerializerTc | [1;30m[ μηδέν ] [m[TEST] Data = {"request":["Hello"]}, Type = java.util.HashSet. 
2023-06-07 14:23:26,580 [INFO ] | main | io.vertx.up.uca.web.ZeroSerializerTc | [1;30m[ μηδέν ] [m[TEST] Data = {"request":"AAAAAAAAAAAAAAAAAAAAAA"}, Type = [B. 
2023-06-07 14:23:26,582 [INFO ] | main | io.vertx.up.uca.web.ZeroSerializerTc | [1;30m[ μηδέν ] [m[TEST] Data = {"request":1686119006582}, Type = java.util.GregorianCalendar. 
2023-06-07 14:23:26,585 [INFO ] | main | io.vertx.up.uca.web.ZeroSerializerTc | [1;30m[ μηδέν ] [m[TEST] Data = {"request":"2023-06-07"}, Type = java.time.LocalDate. 
2023-06-07 14:23:26,585 [INFO ] | main | io.vertx.up.uca.web.ZeroSerializerTc | [1;30m[ μηδέν ] [m[TEST] Data = {"request":"14:23:26.585431"}, Type = java.time.LocalTime. 
2023-06-07 14:23:26,585 [INFO ] | main | io.vertx.up.uca.web.ZeroSerializerTc | [1;30m[ μηδέν ] [m[TEST] Data = {"request":"2023-06-07T14:23:26.585592"}, Type = java.time.LocalDateTime. 
2023-06-07 14:23:26,587 [INFO ] | main | io.vertx.up.uca.web.ZeroSerializerTc | [1;30m[ μηδέν ] [m[TEST] Data = {"request":22}, Type = java.lang.Long. 
2023-06-07 14:23:26,595 [INFO ] | main | io.vertx.up.uca.web.ZeroSerializerTc | [1;30m[ μηδέν ] [m[TEST] Data = {"request":[{"name":"Lang","email":"silentbalanceyh@126.com"},null]}, Type = [Lio.vertx.up.uca.web.User;. 
2023-06-07 14:23:26,598 [INFO ] | main | io.vertx.up.uca.web.ZeroSerializerTc | [1;30m[ μηδέν ] [m[TEST] Data = {"request":1686119006598}, Type = java.util.Date. 
2023-06-07 14:23:26,601 [INFO ] | main | io.vertx.up.uca.web.ZeroSerializerTc | [1;30m[ μηδέν ] [m[TEST] Data = {"request":"STRING"}, Type = io.vertx.up.uca.web.KTest. 
2023-06-07 14:23:26,604 [INFO ] | main | io.vertx.up.uca.web.ZeroSerializerTc | [1;30m[ μηδέν ] [m[TEST] Data = {"request":3}, Type = java.lang.Integer. 
2023-06-07 14:23:26,606 [INFO ] | main | io.vertx.up.uca.web.ZeroSerializerTc | [1;30m[ μηδέν ] [m[TEST] Data = {"request":3}, Type = java.lang.Long. 
2023-06-07 14:23:26,608 [INFO ] | main | io.vertx.up.uca.web.ZeroSerializerTc | [1;30m[ μηδέν ] [m[TEST] Data = {"request":null}, Type = null. 
2023-06-07 14:23:26,611 [INFO ] | main | io.vertx.up.uca.web.ZeroSerializerTc | [1;30m[ μηδέν ] [m[TEST] Data = {"request":null}, Type = io.vertx.up.uca.web.User. 
2023-06-07 14:23:26,614 [INFO ] | main | io.vertx.up.uca.web.ZeroSerializerTc | [1;30m[ μηδέν ] [m[TEST] Data = {"request":[{"name":"Lang","email":"silentbalanceyh@126.com"}]}, Type = java.util.ArrayList. 
2023-06-07 14:23:26,617 [INFO ] | main | io.vertx.up.uca.web.ZeroSerializerTc | [1;30m[ μηδέν ] [m[TEST] Data = {"request":3.33}, Type = java.lang.Float. 
2023-06-07 14:23:26,618 [INFO ] | main | io.vertx.up.uca.web.ZeroSerializerTc | [1;30m[ μηδέν ] [m[TEST] Data = {"request":2.44}, Type = java.math.BigDecimal. 
2023-06-07 14:23:26,621 [INFO ] | main | io.vertx.up.uca.web.ZeroSerializerTc | [1;30m[ μηδέν ] [m[TEST] Data = {"request":"Buffer"}, Type = java.lang.StringBuffer. 
2023-06-07 14:23:26,623 [INFO ] | main | io.vertx.up.uca.web.ZeroSerializerTc | [1;30m[ μηδέν ] [m[TEST] Data = {"request":2.33}, Type = java.lang.Double. 
2023-06-07 14:23:26,626 [INFO ] | main | io.vertx.up.uca.web.ZeroSerializerTc | [1;30m[ μηδέν ] [m[TEST] Data = {"request":3.33}, Type = java.lang.Float. 
2023-06-07 14:23:26,630 [INFO ] | main | io.vertx.up.uca.web.ZeroSerializerTc | [1;30m[ μηδέν ] [m[TEST] Data = {"request":["Hello","Lang"]}, Type = [Ljava.lang.String;. 
2023-06-07 14:23:26,636 [INFO ] | main | io.vertx.up.uca.serialization.BufferSaberTc | [1;30m[ μηδέν ] [m[ Tc ] Test input file reading from: test/io.vertx.up.uca.serialization/data 
2023-06-07 14:23:26,699 [INFO ] | main | io.vertx.up.runtime.ZeroPack | [1;30m[ μηδέν ] [mIgnored packages: [ "android.annotation", "aj.org.objectweb", "camundajar", "camundafeel", "cglib", "ch.qos.logback", "co.paralleluniverse", "connectjar", "com.aliyun", "com.carrotsearch", "com.eclipsesource", "com.esotericsoftware", "com.fasterxml", "com.github", "com.google", "com.graphbuilder", "com.hazelcast", "com.hp", "com.intellij", "com.jcraft.jzlib", "com.microfocus", "com.microsoft", "com.mysql", "com.netflix", "com.oracle", "com.sun", "com.tdunning", "com.zaxxer", "com.codahale", "de.javakaffee", "de.odysseus", "examples", "fastparse", "geny", "io.github", "io.github.jklingsporn", "io.grpc", "io.micrometer", "io.netty", "io.opentracing", "io.prometheus", "io.perfmark", "io.reactivex", "io.r2dbc", "io.termd", "io.vertx.codegen", "io.vertx.config", "io.vertx.core", "io.vertx.ext", "io.vertx.lang", "io.vertx.spi", "io.vertx.zero", "io.zero", "jakarta", "joptsimple", "java", "java.util.concurrent", "javassist", "javax", "jdk", "junit", "kotlin", "me.escofflier", "mousio", "net", "oracle", "org.HdrHistogram", "org.aopalliance", "org.aspectj", "org.apache", "org.camunda", "org.checkerframework", "org.cliffc", "org.conscrypt", "org.codehaus", "org.eclipse", "org.elasticsearch", "org.etsi", "org.glassfish", "org.hamcrest", "org.hibernate", "org.intellij", "org.infinispan", "org.jboss", "org.jetbrains", "org.jgroups", "org.joda", "org.jooq", "org.json", "org.junit", "org.jvnet", "org.mvel2", "org.neo4j", "org.objenesis", "org.objectweb", "org.openxmlformats", "org.osgi", "org.reactivestreams", "org.reflections", "org.slf4j", "org.tartarus", "org.w3c", "org.w3", "org.wildfly", "org.xml", "org.yaml", "protostream", "picocli", "redis", "scala", "sourcecode", "schemaorg_apache_xmlbeans", "sun", "META-INF" ], please check whether contains yours 
2023-06-07 14:23:26,941 [INFO ] | main | io.vertx.up.runtime.ZeroPack | [1;30m[ μηδέν ] [mZero system scanned `750` classes in total. 
2023-06-07 14:23:26,941 [INFO ] | main | io.vertx.up.boot.origin.GuiceInquirer | [1;30m[ μηδέν ] [m[ DI ] The DI environment will be initialized! Total = `750` 
2023-06-07 14:23:26,950 [INFO ] | main | io.vertx.up.boot.origin.GuiceInquirer | [1;30m[ μηδέν ] [m[ DI ] 1st scanned, field = 0, method = 0, constructor = 0 
2023-06-07 14:23:26,997 [INFO ] | main | io.vertx.up.runtime.ZeroAnno | [1;30m[ μηδέν ] [mZero Zone DI Environment.... Size= 750 
2023-06-07 14:23:26,999 [WARN ] | main | io.vertx.up.boot.origin.WallInquirer | [ ERR-40038 ] ( WallInquirer ) Booting Error: (Security) Zero system detected duplicated "Wall" classes [io.vertx.quiz.example.WallKeeper2,io.vertx.quiz.example.WallKeeper3,io.vertx.quiz.example.WallKeeper1] (Path & Order) should not be the same, it's invalid 
